<?xml version="1.0" encoding="UTF-8"?>
<testng-results skipped="0" failed="1" total="2" passed="1">
  <reporter-output>
  </reporter-output>
  <suite name="All Test Suite" duration-ms="206" started-at="2020-05-26T11:21:27Z" finished-at="2020-05-26T11:21:27Z">
    <groups>
    </groups>
    <test name="/Users/nojerazvan/Desktop/JenkinsProject" duration-ms="206" started-at="2020-05-26T11:21:27Z" finished-at="2020-05-26T11:21:27Z">
      <class name="TC2_FailTestPentruDemo">
        <test-method status="FAIL" signature="failTestCase()[pri:0, instance:TC2_FailTestPentruDemo@57250572]" name="failTestCase" duration-ms="13" started-at="2020-05-26T07:21:27Z" description="Fail test case pentru demo DAA?" finished-at="2020-05-26T07:21:27Z">
          <exception class="java.lang.AssertionError">
            <message>
              <![CDATA[unu nu ii egal cu doi asa ca o dat fail! mersi pa expected [2] but found [1]]]>
            </message>
            <full-stacktrace>
              <![CDATA[java.lang.AssertionError: unu nu ii egal cu doi asa ca o dat fail! mersi pa expected [2] but found [1]
	at org.testng.Assert.fail(Assert.java:94)
	at org.testng.Assert.failNotEquals(Assert.java:494)
	at org.testng.Assert.assertEquals(Assert.java:123)
	at org.testng.Assert.assertEquals(Assert.java:370)
	at TC2_FailTestPentruDemo.failTestCase(TC2_FailTestPentruDemo.java:8)
	at sun.reflect.NativeMethodAccessorImpl.invoke0(Native Method)
	at sun.reflect.NativeMethodAccessorImpl.invoke(NativeMethodAccessorImpl.java:62)
	at sun.reflect.DelegatingMethodAccessorImpl.invoke(DelegatingMethodAccessorImpl.java:43)
	at java.lang.reflect.Method.invoke(Method.java:498)
	at org.testng.internal.MethodInvocationHelper.invokeMethod(MethodInvocationHelper.java:84)
	at org.testng.internal.Invoker.invokeMethod(Invoker.java:714)
	at org.testng.internal.Invoker.invokeTestMethod(Invoker.java:901)
	at org.testng.internal.Invoker.invokeTestMethods(Invoker.java:1231)
	at org.testng.internal.TestMethodWorker.invokeTestMethods(TestMethodWorker.java:127)
	at org.testng.internal.TestMethodWorker.run(TestMethodWorker.java:111)
	at org.testng.TestRunner.privateRun(TestRunner.java:767)
	at org.testng.TestRunner.run(TestRunner.java:617)
	at org.testng.SuiteRunner.runTest(SuiteRunner.java:348)
	at org.testng.SuiteRunner.runSequentially(SuiteRunner.java:343)
	at org.testng.SuiteRunner.privateRun(SuiteRunner.java:305)
	at org.testng.SuiteRunner.run(SuiteRunner.java:254)
	at org.testng.SuiteRunnerWorker.runSuite(SuiteRunnerWorker.java:52)
	at org.testng.SuiteRunnerWorker.run(SuiteRunnerWorker.java:86)
	at org.testng.TestNG.runSuitesSequentially(TestNG.java:1224)
	at org.testng.TestNG.runSuitesLocally(TestNG.java:1149)
	at org.testng.TestNG.run(TestNG.java:1057)
	at com.intellij.rt.testng.IDEARemoteTestNG.run(IDEARemoteTestNG.java:66)
	at com.intellij.rt.testng.RemoteTestNGStarter.main(RemoteTestNGStarter.java:110)
]]>
            </full-stacktrace>
          </exception> <!-- java.lang.AssertionError -->
          <reporter-output>
          </reporter-output>
        </test-method> <!-- failTestCase -->
      </class> <!-- TC2_FailTestPentruDemo -->
      <class name="TC1_LoginCTQ">
        <test-method status="PASS" signature="beforeSuite()[pri:0, instance:TC1_LoginCTQ@3e96bacf]" name="beforeSuite" is-config="true" duration-ms="11449" started-at="2020-05-26T07:21:16Z" finished-at="2020-05-26T07:21:27Z">
          <reporter-output>
          </reporter-output>
        </test-method> <!-- beforeSuite -->
        <test-method status="PASS" signature="loginCTQAdmin()[pri:0, instance:TC1_LoginCTQ@3e96bacf]" name="loginCTQAdmin" duration-ms="96" started-at="2020-05-26T07:21:27Z" description="Test if login as CTQ admin was succesful" finished-at="2020-05-26T07:21:27Z">
          <reporter-output>
          </reporter-output>
        </test-method> <!-- loginCTQAdmin -->
        <test-method status="PASS" signature="afterSuite()[pri:0, instance:TC1_LoginCTQ@3e96bacf]" name="afterSuite" is-config="true" duration-ms="235" started-at="2020-05-26T07:21:27Z" finished-at="2020-05-26T07:21:28Z">
          <reporter-output>
          </reporter-output>
        </test-method> <!-- afterSuite -->
      </class> <!-- TC1_LoginCTQ -->
    </test> <!-- /Users/nojerazvan/Desktop/JenkinsProject -->
  </suite> <!-- All Test Suite -->
</testng-results>
